app/build/intermediates/manifest_merge_blame_file/debug/manifest-merger-blame-debug-report.txt
1<?xml version="1.0" encoding="utf-8"?>
2<!--
3  ~ Copyright (C) 2021 The Android Open Source Project.
4  ~
5  ~ Licensed under the Apache License, Version 2.0 (the "License");
6  ~ you may not use this file except in compliance with the License.
7  ~ You may obtain a copy of the License at
8  ~
9  ~     http://www.apache.org/licenses/LICENSE-2.0
10  ~
11  ~ Unless required by applicable law or agreed to in writing, software
12  ~ distributed under the License is distributed on an "AS IS" BASIS,
13  ~ WITHOUT WARRANTIES OR CONDITIONS OF ANY KIND, either express or implied.
14  ~ See the License for the specific language governing permissions and
15  ~ limitations under the License.
16-->
17<manifest xmlns:android="http://schemas.android.com/apk/res/android"
18    package="com.example.dogglers"
19    android:versionCode="1"
20    android:versionName="1.0" >
21
22    <uses-sdk
23        android:minSdkVersion="21"
23-->src\main\AndroidManifest.xml
24        android:targetSdkVersion="30" />
24-->src\main\AndroidManifest.xml
25
26    <uses-permission android:name="android.permission.REORDER_TASKS" />
26-->[androidx.fragment:fragment-testing:1.3.3] AndroidManifest.xml:25:5-72
26-->[androidx.fragment:fragment-testing:1.3.3] AndroidManifest.xml:25:22-69
27
28    <application
28-->src\main\AndroidManifest.xml:20:5-49:19
29        android:allowBackup="true"
29-->src\main\AndroidManifest.xml:21:9-35
30        android:appComponentFactory="androidx.core.app.CoreComponentFactory"
30-->[androidx.core:core:1.3.2] AndroidManifest.xml:24:18-86
31        android:debuggable="true"
32        android:icon="@mipmap/ic_launcher"
32-->src\main\AndroidManifest.xml:22:9-43
33        android:label="@string/app_name"
33-->src\main\AndroidManifest.xml:23:9-41
34        android:roundIcon="@mipmap/ic_launcher_round"
34-->src\main\AndroidManifest.xml:24:9-54
35        android:supportsRtl="true"
35-->src\main\AndroidManifest.xml:25:9-35
36        android:theme="@style/Theme.Dogglers" >
36-->src\main\AndroidManifest.xml:26:9-46
37        <activity android:name="com.example.dogglers.VerticalListActivity" >
37-->src\main\AndroidManifest.xml:27:9-31:20
37-->src\main\AndroidManifest.xml:27:19-55
38            <meta-data
38-->src\main\AndroidManifest.xml:28:13-30:49
39                android:name="android.support.PARENT_ACTIVITY"
39-->src\main\AndroidManifest.xml:29:17-63
40                android:value=".MainActivity" />
40-->src\main\AndroidManifest.xml:30:17-46
41        </activity>
42        <activity android:name="com.example.dogglers.HorizontalListActivity" >
42-->src\main\AndroidManifest.xml:32:9-36:20
42-->src\main\AndroidManifest.xml:32:19-57
43            <meta-data
43-->src\main\AndroidManifest.xml:28:13-30:49
44                android:name="android.support.PARENT_ACTIVITY"
44-->src\main\AndroidManifest.xml:29:17-63
45                android:value=".MainActivity" />
45-->src\main\AndroidManifest.xml:30:17-46
46        </activity>
47        <activity android:name="com.example.dogglers.GridListActivity" >
47-->src\main\AndroidManifest.xml:37:9-41:20
47-->src\main\AndroidManifest.xml:37:19-51
48            <meta-data
48-->src\main\AndroidManifest.xml:28:13-30:49
49                android:name="android.support.PARENT_ACTIVITY"
49-->src\main\AndroidManifest.xml:29:17-63
50                android:value=".MainActivity" />
50-->src\main\AndroidManifest.xml:30:17-46
51        </activity>
52        <activity android:name="com.example.dogglers.MainActivity" >
52-->src\main\AndroidManifest.xml:42:9-48:20
52-->src\main\AndroidManifest.xml:42:19-47
53            <intent-filter>
53-->src\main\AndroidManifest.xml:43:13-47:29
54                <action android:name="android.intent.action.MAIN" />
54-->src\main\AndroidManifest.xml:44:17-69
54-->src\main\AndroidManifest.xml:44:25-66
55
56                <category android:name="android.intent.category.LAUNCHER" />
56-->src\main\AndroidManifest.xml:46:17-77
56-->src\main\AndroidManifest.xml:46:27-74
57            </intent-filter>
58        </activity>
59        <activity
59-->[androidx.fragment:fragment-testing:1.3.3] AndroidManifest.xml:28:9-37:20
60            android:name="androidx.fragment.app.testing.FragmentScenario$EmptyFragmentActivity"
60-->[androidx.fragment:fragment-testing:1.3.3] AndroidManifest.xml:29:13-96
61            android:exported="true"
61-->[androidx.fragment:fragment-testing:1.3.3] AndroidManifest.xml:30:13-36
62            android:multiprocess="true"
62-->[androidx.fragment:fragment-testing:1.3.3] AndroidManifest.xml:31:13-40
63            android:taskAffinity=""
63-->[androidx.fragment:fragment-testing:1.3.3] AndroidManifest.xml:32:13-36
64            android:theme="@style/FragmentScenarioEmptyFragmentActivityTheme" >
64-->[androidx.fragment:fragment-testing:1.3.3] AndroidManifest.xml:33:13-78
65            <intent-filter>
65-->[androidx.fragment:fragment-testing:1.3.3] AndroidManifest.xml:34:13-36:29
66                <action android:name="android.intent.action.MAIN" />
66-->src\main\AndroidManifest.xml:44:17-69
66-->src\main\AndroidManifest.xml:44:25-66
67            </intent-filter>
68        </activity>
69        <activity
69-->[androidx.test:core:1.3.0] AndroidManifest.xml:27:9-33:20
70            android:name="androidx.test.core.app.InstrumentationActivityInvoker$BootstrapActivity"
70-->[androidx.test:core:1.3.0] AndroidManifest.xml:28:13-99
71            android:theme="@android:style/Theme" >
71-->[androidx.test:core:1.3.0] AndroidManifest.xml:29:13-49
72            <intent-filter>
72-->[androidx.fragment:fragment-testing:1.3.3] AndroidManifest.xml:34:13-36:29
73                <action android:name="android.intent.action.MAIN" />
73-->src\main\AndroidManifest.xml:44:17-69
73-->src\main\AndroidManifest.xml:44:25-66
74            </intent-filter>
75        </activity>
76        <activity
76-->[androidx.test:core:1.3.0] AndroidManifest.xml:34:9-40:20
77            android:name="androidx.test.core.app.InstrumentationActivityInvoker$EmptyActivity"
77-->[androidx.test:core:1.3.0] AndroidManifest.xml:35:13-95
78            android:theme="@android:style/Theme" >
78-->[androidx.test:core:1.3.0] AndroidManifest.xml:36:13-49
79            <intent-filter>
79-->[androidx.fragment:fragment-testing:1.3.3] AndroidManifest.xml:34:13-36:29
80                <action android:name="android.intent.action.MAIN" />
80-->src\main\AndroidManifest.xml:44:17-69
80-->src\main\AndroidManifest.xml:44:25-66
81            </intent-filter>
82        </activity>
83        <activity
83-->[androidx.test:core:1.3.0] AndroidManifest.xml:41:9-47:20
84            android:name="androidx.test.core.app.InstrumentationActivityInvoker$EmptyFloatingActivity"
84-->[androidx.test:core:1.3.0] AndroidManifest.xml:42:13-103
85            android:theme="@android:style/Theme.Dialog" >
85-->[androidx.test:core:1.3.0] AndroidManifest.xml:43:13-56
86            <intent-filter>
86-->[androidx.fragment:fragment-testing:1.3.3] AndroidManifest.xml:34:13-36:29
87                <action android:name="android.intent.action.MAIN" />
87-->src\main\AndroidManifest.xml:44:17-69
87-->src\main\AndroidManifest.xml:44:25-66
88            </intent-filter>
89        </activity>
90    </application>
91
92</manifest>